<?xml version="1.0" encoding="UTF-8"?>
<testng-results skipped="0" failed="0" total="1" passed="1">
  <reporter-output>
  </reporter-output>
  <suite name="Default suite" duration-ms="3824" started-at="2017-05-18T07:32:26Z" finished-at="2017-05-18T07:32:29Z">
    <groups>
    </groups>
    <test name="Default test" duration-ms="3824" started-at="2017-05-18T07:32:26Z" finished-at="2017-05-18T07:32:29Z">
      <class name="com.TestingMasters.FirstProgram.Myfirstprogram">
        <test-method status="PASS" signature="starttest()[pri:0, instance:com.TestingMasters.FirstProgram.Myfirstprogram@396a51ab]" name="starttest" is-config="true" duration-ms="1338" started-at="2017-05-18T13:02:26Z" finished-at="2017-05-18T13:02:27Z">
          <reporter-output>
          </reporter-output>
        </test-method> <!-- starttest -->
        <test-method status="PASS" signature="before()[pri:0, instance:com.TestingMasters.FirstProgram.Myfirstprogram@396a51ab]" name="before" is-config="true" duration-ms="19" started-at="2017-05-18T13:02:27Z" finished-at="2017-05-18T13:02:27Z">
          <reporter-output>
          </reporter-output>
        </test-method> <!-- before -->
        <test-method status="PASS" signature="start()[pri:0, instance:com.TestingMasters.FirstProgram.Myfirstprogram@396a51ab]" name="start" duration-ms="34" started-at="2017-05-18T13:02:27Z" finished-at="2017-05-18T13:02:27Z">
          <reporter-output>
          </reporter-output>
        </test-method> <!-- start -->
        <test-method status="PASS" signature="after()[pri:0, instance:com.TestingMasters.FirstProgram.Myfirstprogram@396a51ab]" name="after" is-config="true" duration-ms="10" started-at="2017-05-18T13:02:27Z" finished-at="2017-05-18T13:02:27Z">
          <reporter-output>
          </reporter-output>
        </test-method> <!-- after -->
        <test-method status="PASS" signature="endTest()[pri:0, instance:com.TestingMasters.FirstProgram.Myfirstprogram@396a51ab]" name="endTest" is-config="true" duration-ms="2338" started-at="2017-05-18T13:02:27Z" finished-at="2017-05-18T13:02:29Z">
          <reporter-output>
          </reporter-output>
        </test-method> <!-- endTest -->
      </class> <!-- com.TestingMasters.FirstProgram.Myfirstprogram -->
    </test> <!-- Default test -->
  </suite> <!-- Default suite -->
</testng-results>
